<?xml version="1.0" encoding="UTF-8"?>
<!-- Generated by org.testng.reporters.JUnitReportReporter -->
<testsuite hostname="tom-laptop" name="com.skalicky.tomas.cv.domain.LanguageTest" tests="2" failures="0" timestamp="19 Apr 2014 11:29:42 GMT" time="0.029" errors="0">
  <testcase name="testGetTypeWithNotExistingSk" time="0.001" classname="com.skalicky.tomas.cv.domain.LanguageTest"/>
  <testcase name="testGetTypeWithEn" time="0.028" classname="com.skalicky.tomas.cv.domain.LanguageTest"/>
</testsuite> <!-- com.skalicky.tomas.cv.domain.LanguageTest -->
