<?xml version="1.0" encoding="UTF-8"?>
<!-- Generated by org.testng.reporters.JUnitReportReporter -->
<testsuite hostname="tom-laptop" name="com.skalicky.tomas.cv.domain.PostconditionsTest" tests="1" failures="0" timestamp="19 Apr 2014 11:29:42 GMT" time="0.869" errors="0">
  <testcase name="testIsValid" time="0.869" classname="com.skalicky.tomas.cv.domain.PostconditionsTest"/>
</testsuite> <!-- com.skalicky.tomas.cv.domain.PostconditionsTest -->
